0 info it worked if it ends with ok
1 verbose cli [ 'D:\\Program Files\\nodejs\\node.exe',
1 verbose cli   'D:\\Program Files\\nodejs\\node_modules\\npm\\bin\\npm-cli.js',
1 verbose cli   'start' ]
2 info using npm@3.10.9
3 info using node@v6.9.2
4 verbose run-script [ 'prestart', 'start', 'poststart' ]
5 info lifecycle demo@1.0.0~prestart: demo@1.0.0
6 silly lifecycle demo@1.0.0~prestart: no script for prestart, continuing
7 info lifecycle demo@1.0.0~start: demo@1.0.0
8 verbose lifecycle demo@1.0.0~start: unsafe-perm in lifecycle true
9 verbose lifecycle demo@1.0.0~start: PATH: D:\Program Files\nodejs\node_modules\npm\bin\node-gyp-bin;E:\GitHub\react\MyDemo\node_modules\.bin;C:\ProgramData\Oracle\Java\javapath;C:\WINDOWS\system32;C:\WINDOWS;C:\WINDOWS\System32\Wbem;C:\WINDOWS\System32\WindowsPowerShell\v1.0\;D:\yunruan\apache-maven-3.2.2\bin;C:\Program Files\Java\jdk1.8.0_111\bin;D:\Program Files\TortoiseSVN\bin;D:\android\adt-bundle-windows-x86_64-20131030\sdk\tools;D:\yunruan\apache-ant-1.8.1\bin;D:\Program Files\nodejs\;D:\yunruan\hadoop-2.6.1\bin;D:\android\adt-bundle-windows-x86_64-20131030\sdk\platform-tools;C:\Users\chunyan\AppData\Local\Microsoft\WindowsApps;D:\Program
10 verbose lifecycle demo@1.0.0~start: CWD: E:\GitHub\react\MyDemo
11 silly lifecycle demo@1.0.0~start: Args: [ '/d /s /c',
11 silly lifecycle   'webpack-dev-server --hot --inline --port 3002 --host 192.168.1.33' ]
12 verbose stack Error: kill ENOSYS
12 verbose stack     at exports._errnoException (util.js:1022:11)
12 verbose stack     at process.kill (internal/process.js:172:13)
12 verbose stack     at process.listener (D:\Program Files\nodejs\node_modules\npm\node_modules\npmlog\node_modules\gauge\node_modules\signal-exit\index.js:86:15)
12 verbose stack     at emitNone (events.js:91:20)
12 verbose stack     at process.emit (events.js:185:7)
12 verbose stack     at processEmit (D:\Program Files\nodejs\node_modules\npm\node_modules\npmlog\node_modules\gauge\node_modules\signal-exit\index.js:146:32)
12 verbose stack     at processEmit (D:\Program Files\nodejs\node_modules\npm\node_modules\npm-registry-client\node_modules\npmlog\node_modules\gauge\node_modules\signal-exit\index.js:146:32)
12 verbose stack     at Signal.wrap.onsignal (internal/process.js:199:44)
13 verbose cwd E:\GitHub\react\MyDemo
14 error Windows_NT 10.0.14393
15 error argv "D:\\Program Files\\nodejs\\node.exe" "D:\\Program Files\\nodejs\\node_modules\\npm\\bin\\npm-cli.js" "start"
16 error node v6.9.2
17 error npm  v3.10.9
18 error code ENOSYS
19 error errno ENOSYS
20 error syscall kill
21 error kill ENOSYS
22 error If you need help, you may report this error at:
22 error     <https://github.com/npm/npm/issues>
23 verbose exit [ 1, true ]
